=== Pipeline Start  |  Scenario: day1 ===
    Synthetic one-day workflow for MVP demo

Initial Inventory:
  Item A: 20  (reorder point: 30)
  Item B: 60  (reorder point: 20)

Processing INV-001 (purchase)
  Item A  +50
Current Inventory:
  Item A: 70  (reorder point: 30)
  Item B: 60  (reorder point: 20)

Processing INV-002 (sales)
  Item A  -25
Current Inventory:
  Item A: 45  (reorder point: 30)
  Item B: 60  (reorder point: 20)

Processing INV-003 (sales)
  Item A  -20
Current Inventory:
  Item A: 25  (reorder point: 30)
  Item B: 60  (reorder point: 20)

Processing INV-004 (sales)
  Item B  -10
Current Inventory:
  Item A: 25  (reorder point: 30)
  Item B: 50  (reorder point: 20)

LOW STOCK TRIGGERED:
  Item A

PROCUREMENT RECOMMENDATIONS:
  REORDER RECOMMENDED — Item A: current stock 25 is below reorder point 30.

=== Pipeline Complete ===
